[2017-02-03T21:37:13,081][INFO ][o.e.n.Node               ] [] initializing ...
[2017-02-03T21:37:13,214][INFO ][o.e.e.NodeEnvironment    ] [tAM3r56] using [1] data paths, mounts [[/ (/dev/disk1)]], net usable_space [95gb], net total_space [232.6gb], spins? [unknown], types [hfs]
[2017-02-03T21:37:13,214][INFO ][o.e.e.NodeEnvironment    ] [tAM3r56] heap size [1.9gb], compressed ordinary object pointers [true]
[2017-02-03T21:37:13,217][INFO ][o.e.n.Node               ] node name [tAM3r56] derived from node ID [tAM3r56sRmqdjHCfblXZdw]; set [node.name] to override
[2017-02-03T21:37:13,227][INFO ][o.e.n.Node               ] version[5.2.0], pid[14704], build[24e05b9/2017-01-24T19:52:35.800Z], OS[Mac OS X/10.11.6/x86_64], JVM[Oracle Corporation/Java HotSpot(TM) 64-Bit Server VM/1.8.0_65/25.65-b01]
[2017-02-03T21:37:14,685][INFO ][o.e.p.PluginsService     ] [tAM3r56] loaded module [aggs-matrix-stats]
[2017-02-03T21:37:14,685][INFO ][o.e.p.PluginsService     ] [tAM3r56] loaded module [ingest-common]
[2017-02-03T21:37:14,685][INFO ][o.e.p.PluginsService     ] [tAM3r56] loaded module [lang-expression]
[2017-02-03T21:37:14,685][INFO ][o.e.p.PluginsService     ] [tAM3r56] loaded module [lang-groovy]
[2017-02-03T21:37:14,685][INFO ][o.e.p.PluginsService     ] [tAM3r56] loaded module [lang-mustache]
[2017-02-03T21:37:14,685][INFO ][o.e.p.PluginsService     ] [tAM3r56] loaded module [lang-painless]
[2017-02-03T21:37:14,686][INFO ][o.e.p.PluginsService     ] [tAM3r56] loaded module [percolator]
[2017-02-03T21:37:14,686][INFO ][o.e.p.PluginsService     ] [tAM3r56] loaded module [reindex]
[2017-02-03T21:37:14,686][INFO ][o.e.p.PluginsService     ] [tAM3r56] loaded module [transport-netty3]
[2017-02-03T21:37:14,686][INFO ][o.e.p.PluginsService     ] [tAM3r56] loaded module [transport-netty4]
[2017-02-03T21:37:14,687][INFO ][o.e.p.PluginsService     ] [tAM3r56] no plugins loaded
[2017-02-03T21:37:17,465][INFO ][o.e.n.Node               ] initialized
[2017-02-03T21:37:17,465][INFO ][o.e.n.Node               ] [tAM3r56] starting ...
[2017-02-03T21:37:17,750][INFO ][o.e.t.TransportService   ] [tAM3r56] publish_address {127.0.0.1:9300}, bound_addresses {[fe80::1]:9300}, {[::1]:9300}, {127.0.0.1:9300}
[2017-02-03T21:37:20,942][INFO ][o.e.c.s.ClusterService   ] [tAM3r56] new_master {tAM3r56}{tAM3r56sRmqdjHCfblXZdw}{qaK9VRhQT02SLVSIOk-mnA}{127.0.0.1}{127.0.0.1:9300}, reason: zen-disco-elected-as-master ([0] nodes joined)
[2017-02-03T21:37:21,011][INFO ][o.e.h.HttpServer         ] [tAM3r56] publish_address {127.0.0.1:9200}, bound_addresses {[fe80::1]:9200}, {[::1]:9200}, {127.0.0.1:9200}
[2017-02-03T21:37:21,011][INFO ][o.e.n.Node               ] [tAM3r56] started
[2017-02-03T21:37:21,013][INFO ][o.e.g.GatewayService     ] [tAM3r56] recovered [0] indices into cluster_state
[2017-02-03T21:37:28,466][INFO ][o.e.c.m.MetaDataCreateIndexService] [tAM3r56] [.kibana] creating index, cause [api], templates [], shards [1]/[1], mappings [server, config]
[2017-02-03T21:37:44,793][INFO ][o.e.c.m.MetaDataMappingService] [tAM3r56] [.kibana/LqCqOmUQQoeIxXRRBcwC4A] create_mapping [index-pattern]
[2017-02-03T21:38:08,024][INFO ][o.e.c.m.MetaDataCreateIndexService] [tAM3r56] [logstash-2017.02.03] creating index, cause [auto(bulk api)], templates [logstash], shards [5]/[1], mappings [_default_]
[2017-02-03T21:38:08,253][INFO ][o.e.c.m.MetaDataMappingService] [tAM3r56] [logstash-2017.02.03/47uFPQipS5SCfuDf34mNOw] create_mapping [tweet]
[2017-02-03T21:38:10,633][INFO ][o.e.m.j.JvmGcMonitorService] [tAM3r56] [gc][53] overhead, spent [269ms] collecting in the last [1s]
[2017-02-03T21:38:47,716][INFO ][o.e.c.m.MetaDataMappingService] [tAM3r56] [.kibana/LqCqOmUQQoeIxXRRBcwC4A] update_mapping [config]
[2017-02-03T21:38:50,210][INFO ][o.e.c.m.MetaDataMappingService] [tAM3r56] [.kibana/LqCqOmUQQoeIxXRRBcwC4A] create_mapping [search]
[2017-02-03T21:40:02,821][INFO ][o.e.c.m.MetaDataDeleteIndexService] [tAM3r56] [logstash-2017.02.03/47uFPQipS5SCfuDf34mNOw] deleting index
[2017-02-03T21:40:10,128][INFO ][o.e.c.m.MetaDataCreateIndexService] [tAM3r56] [logstash-2017.02.03] creating index, cause [auto(bulk api)], templates [logstash], shards [5]/[1], mappings [_default_]
[2017-02-03T21:40:10,228][INFO ][o.e.c.m.MetaDataMappingService] [tAM3r56] [logstash-2017.02.03/95Fkr15rSfSQ0sUhvkBJ1w] create_mapping [tweet]
[2017-02-03T21:41:15,551][INFO ][o.e.c.m.MetaDataMappingService] [tAM3r56] [logstash-2017.02.03/95Fkr15rSfSQ0sUhvkBJ1w] update_mapping [tweet]
[2017-02-03T21:46:41,273][INFO ][o.e.c.m.MetaDataMappingService] [tAM3r56] [logstash-2017.02.03/95Fkr15rSfSQ0sUhvkBJ1w] update_mapping [tweet]
[2017-02-03T21:52:01,097][INFO ][o.e.c.m.MetaDataMappingService] [tAM3r56] [logstash-2017.02.03/95Fkr15rSfSQ0sUhvkBJ1w] update_mapping [tweet]
